
optiboot_atmega328pb_12mhz.elf:     file format elf32-avr

Sections:
Idx Name          Size      VMA       LMA       File off  Algn
  0 .text         000001f6  00007e00  00007e00  00000054  2**1
                  CONTENTS, ALLOC, LOAD, READONLY, CODE
  1 .version      00000002  00007ffe  00007ffe  0000024a  2**0
                  CONTENTS, READONLY
  2 .debug_aranges 00000028  00000000  00000000  0000024c  2**0
                  CONTENTS, READONLY, DEBUGGING
  3 .debug_pubnames 0000005f  00000000  00000000  00000274  2**0
                  CONTENTS, READONLY, DEBUGGING
  4 .debug_info   000002a8  00000000  00000000  000002d3  2**0
                  CONTENTS, READONLY, DEBUGGING
  5 .debug_abbrev 00000178  00000000  00000000  0000057b  2**0
                  CONTENTS, READONLY, DEBUGGING
  6 .debug_line   0000040d  00000000  00000000  000006f3  2**0
                  CONTENTS, READONLY, DEBUGGING
  7 .debug_frame  00000080  00000000  00000000  00000b00  2**2
                  CONTENTS, READONLY, DEBUGGING
  8 .debug_str    00000140  00000000  00000000  00000b80  2**0
                  CONTENTS, READONLY, DEBUGGING
  9 .debug_loc    000002d8  00000000  00000000  00000cc0  2**0
                  CONTENTS, READONLY, DEBUGGING
 10 .debug_ranges 00000078  00000000  00000000  00000f98  2**0
                  CONTENTS, READONLY, DEBUGGING

Disassembly of section .text:

00007e00 <main>:
#undef SIGNATURE_2
#define SIGNATURE_2 0x16
#endif

/* main program starts here */
int main(void) {
    7e00:	11 24       	eor	r1, r1
#ifdef __AVR_ATmega8__
  SP=RAMEND;  // This is done by hardware reset
#endif

  // Adaboot no-wait mod
  ch = MCUSR;
    7e02:	84 b7       	in	r24, 0x34	; 52
  MCUSR = 0;
    7e04:	14 be       	out	0x34, r1	; 52
  if (!(ch & _BV(EXTRF))) appStart();
    7e06:	81 ff       	sbrs	r24, 1
    7e08:	f1 d0       	rcall	.+482    	; 0x7fec <appStart>

#if LED_START_FLASHES > 0
  // Set up Timer 1 for timeout counter
  TCCR1B = _BV(CS12) | _BV(CS10); // div 1024
    7e0a:	85 e0       	ldi	r24, 0x05	; 5
    7e0c:	80 93 81 00 	sts	0x0081, r24
#endif
#ifndef SOFT_UART
  // Turn on the pull-up resistor for RX.
  PORTD |= (1 << 0);
    7e10:	58 9a       	sbi	0x0b, 0	; 11
  UCSRA = _BV(U2X); //Double speed mode USART
  UCSRB = _BV(RXEN) | _BV(TXEN);  // enable Rx & Tx
  UCSRC = _BV(URSEL) | _BV(UCSZ1) | _BV(UCSZ0);  // config USART; 8N1
  UBRRL = (uint8_t)( (F_CPU + BAUD_RATE * 4L) / (BAUD_RATE * 8L) - 1 );
#else
  UCSR0A = _BV(U2X0); //Double speed mode USART0
    7e12:	82 e0       	ldi	r24, 0x02	; 2
    7e14:	80 93 c0 00 	sts	0x00C0, r24
  UCSR0B = _BV(RXEN0) | _BV(TXEN0);
    7e18:	88 e1       	ldi	r24, 0x18	; 24
    7e1a:	80 93 c1 00 	sts	0x00C1, r24
  UCSR0C = _BV(UCSZ00) | _BV(UCSZ01);
    7e1e:	86 e0       	ldi	r24, 0x06	; 6
    7e20:	80 93 c2 00 	sts	0x00C2, r24
  UBRR0L = (uint8_t)( (F_CPU + BAUD_RATE * 4L) / (BAUD_RATE * 8L) - 1 );
    7e24:	8c e0       	ldi	r24, 0x0C	; 12
    7e26:	80 93 c4 00 	sts	0x00C4, r24
#endif
#endif

  // Set up watchdog to trigger after 500ms
  watchdogConfig(WATCHDOG_1S);
    7e2a:	8e e0       	ldi	r24, 0x0E	; 14
    7e2c:	c9 d0       	rcall	.+402    	; 0x7fc0 <watchdogConfig>

  /* Set LED pin as output */
  LED_DDR |= _BV(LED);
    7e2e:	25 9a       	sbi	0x04, 5	; 4
    7e30:	86 e0       	ldi	r24, 0x06	; 6
}

#if LED_START_FLASHES > 0
void flash_led(uint8_t count) {
  do {
    TCNT1 = -(F_CPU/(1024*16));
    7e32:	24 e2       	ldi	r18, 0x24	; 36
    7e34:	3d ef       	ldi	r19, 0xFD	; 253
    TIFR1 = _BV(TOV1);
    7e36:	91 e0       	ldi	r25, 0x01	; 1
}

#if LED_START_FLASHES > 0
void flash_led(uint8_t count) {
  do {
    TCNT1 = -(F_CPU/(1024*16));
    7e38:	30 93 85 00 	sts	0x0085, r19
    7e3c:	20 93 84 00 	sts	0x0084, r18
    TIFR1 = _BV(TOV1);
    7e40:	96 bb       	out	0x16, r25	; 22
    while(!(TIFR1 & _BV(TOV1)));
    7e42:	b0 9b       	sbis	0x16, 0	; 22
    7e44:	fe cf       	rjmp	.-4      	; 0x7e42 <main+0x42>
#ifdef __AVR_ATmega8__
    LED_PORT ^= _BV(LED);
#else
    LED_PIN |= _BV(LED);
    7e46:	1d 9a       	sbi	0x03, 5	; 3
}
#endif

// Watchdog functions. These are only safe with interrupts turned off.
void watchdogReset() {
  __asm__ __volatile__ (
    7e48:	a8 95       	wdr
    LED_PORT ^= _BV(LED);
#else
    LED_PIN |= _BV(LED);
#endif
    watchdogReset();
  } while (--count);
    7e4a:	81 50       	subi	r24, 0x01	; 1
    7e4c:	a9 f7       	brne	.-22     	; 0x7e38 <main+0x38>
    7e4e:	cc 24       	eor	r12, r12
    7e50:	dd 24       	eor	r13, r13
      ch = SPM_PAGESIZE / 2;
      do {
        uint16_t a;
        a = *bufPtr++;
        a |= (*bufPtr++) << 8;
        __boot_page_fill_short((uint16_t)(void*)addrPtr,a);
    7e52:	88 24       	eor	r8, r8
    7e54:	83 94       	inc	r8
        addrPtr += 2;
      } while (--ch);

      // Write from programming buffer
      __boot_page_write_short((uint16_t)(void*)address);
    7e56:	b5 e0       	ldi	r27, 0x05	; 5
    7e58:	ab 2e       	mov	r10, r27
      boot_spm_busy_wait();

#if defined(RWWSRE)
      // Reenable read access to flash
      boot_rww_enable();
    7e5a:	a1 e1       	ldi	r26, 0x11	; 17
    7e5c:	9a 2e       	mov	r9, r26
      do *bufPtr++ = getch();
      while (--length);

      // If we are in NRWW section, page erase has to be delayed until now.
      // Todo: Take RAMPZ into account
      if (address >= NRWWSTART) __boot_page_erase_short((uint16_t)(void*)address);
    7e5e:	f3 e0       	ldi	r31, 0x03	; 3
    7e60:	bf 2e       	mov	r11, r31
#endif

  /* Forever loop */
  for (;;) {
    /* get character from UART */
    ch = getch();
    7e62:	a2 d0       	rcall	.+324    	; 0x7fa8 <getch>

    if(ch == STK_GET_PARAMETER) {
    7e64:	81 34       	cpi	r24, 0x41	; 65
    7e66:	61 f4       	brne	.+24     	; 0x7e80 <main+0x80>
      unsigned char which = getch();
    7e68:	9f d0       	rcall	.+318    	; 0x7fa8 <getch>
    7e6a:	08 2f       	mov	r16, r24
      verifySpace();
    7e6c:	af d0       	rcall	.+350    	; 0x7fcc <verifySpace>
      if (which == 0x82) {
    7e6e:	02 38       	cpi	r16, 0x82	; 130
    7e70:	11 f0       	breq	.+4      	; 0x7e76 <main+0x76>
	/*
	 * Send optiboot version as "minor SW version"
	 */
	putch(OPTIBOOT_MINVER);
      } else if (which == 0x81) {
    7e72:	01 38       	cpi	r16, 0x81	; 129
    7e74:	11 f4       	brne	.+4      	; 0x7e7a <main+0x7a>
	  putch(OPTIBOOT_MAJVER);
    7e76:	84 e0       	ldi	r24, 0x04	; 4
    7e78:	01 c0       	rjmp	.+2      	; 0x7e7c <main+0x7c>
      } else {
	/*
	 * GET PARAMETER returns a generic 0x03 reply for
         * other parameters - enough to keep Avrdude happy
	 */
	putch(0x03);
    7e7a:	83 e0       	ldi	r24, 0x03	; 3
    7e7c:	8d d0       	rcall	.+282    	; 0x7f98 <putch>
    7e7e:	89 c0       	rjmp	.+274    	; 0x7f92 <main+0x192>
      }
    }
    else if(ch == STK_SET_DEVICE) {
    7e80:	82 34       	cpi	r24, 0x42	; 66
    7e82:	11 f4       	brne	.+4      	; 0x7e88 <main+0x88>
      // SET DEVICE is ignored
      getNch(20);
    7e84:	84 e1       	ldi	r24, 0x14	; 20
    7e86:	03 c0       	rjmp	.+6      	; 0x7e8e <main+0x8e>
    }
    else if(ch == STK_SET_DEVICE_EXT) {
    7e88:	85 34       	cpi	r24, 0x45	; 69
    7e8a:	19 f4       	brne	.+6      	; 0x7e92 <main+0x92>
      // SET DEVICE EXT is ignored
      getNch(5);
    7e8c:	85 e0       	ldi	r24, 0x05	; 5
    7e8e:	a6 d0       	rcall	.+332    	; 0x7fdc <getNch>
    7e90:	80 c0       	rjmp	.+256    	; 0x7f92 <main+0x192>
    }
    else if(ch == STK_LOAD_ADDRESS) {
    7e92:	85 35       	cpi	r24, 0x55	; 85
    7e94:	79 f4       	brne	.+30     	; 0x7eb4 <main+0xb4>
      // LOAD ADDRESS
      uint16_t newAddress;
      newAddress = getch();
    7e96:	88 d0       	rcall	.+272    	; 0x7fa8 <getch>
      newAddress = (newAddress & 0xff) | (getch() << 8);
    7e98:	e8 2e       	mov	r14, r24
    7e9a:	ff 24       	eor	r15, r15
    7e9c:	85 d0       	rcall	.+266    	; 0x7fa8 <getch>
    7e9e:	08 2f       	mov	r16, r24
    7ea0:	10 e0       	ldi	r17, 0x00	; 0
    7ea2:	10 2f       	mov	r17, r16
    7ea4:	00 27       	eor	r16, r16
    7ea6:	0e 29       	or	r16, r14
    7ea8:	1f 29       	or	r17, r15
#ifdef RAMPZ
      // Transfer top bit to RAMPZ
      RAMPZ = (newAddress & 0x8000) ? 1 : 0;
#endif
      newAddress += newAddress; // Convert from word address to byte address
    7eaa:	00 0f       	add	r16, r16
    7eac:	11 1f       	adc	r17, r17
      address = newAddress;
      verifySpace();
    7eae:	8e d0       	rcall	.+284    	; 0x7fcc <verifySpace>
    7eb0:	68 01       	movw	r12, r16
    7eb2:	6f c0       	rjmp	.+222    	; 0x7f92 <main+0x192>
    }
    else if(ch == STK_UNIVERSAL) {
    7eb4:	86 35       	cpi	r24, 0x56	; 86
    7eb6:	21 f4       	brne	.+8      	; 0x7ec0 <main+0xc0>
      // UNIVERSAL command is ignored
      getNch(4);
    7eb8:	84 e0       	ldi	r24, 0x04	; 4
    7eba:	90 d0       	rcall	.+288    	; 0x7fdc <getNch>
      putch(0x00);
    7ebc:	80 e0       	ldi	r24, 0x00	; 0
    7ebe:	de cf       	rjmp	.-68     	; 0x7e7c <main+0x7c>
    }
    /* Write memory, length is big endian and is in bytes */
    else if(ch == STK_PROG_PAGE) {
    7ec0:	84 36       	cpi	r24, 0x64	; 100
    7ec2:	09 f0       	breq	.+2      	; 0x7ec6 <main+0xc6>
    7ec4:	40 c0       	rjmp	.+128    	; 0x7f46 <main+0x146>
      // PROGRAM PAGE - we support flash programming only, not EEPROM
      uint8_t *bufPtr;
      uint16_t addrPtr;

      getch();			/* getlen() */
    7ec6:	70 d0       	rcall	.+224    	; 0x7fa8 <getch>
      length = getch();
    7ec8:	6f d0       	rcall	.+222    	; 0x7fa8 <getch>
    7eca:	08 2f       	mov	r16, r24
      getch();
    7ecc:	6d d0       	rcall	.+218    	; 0x7fa8 <getch>

      // If we are in RWW section, immediately start page erase
      if (address < NRWWSTART) __boot_page_erase_short((uint16_t)(void*)address);
    7ece:	80 e0       	ldi	r24, 0x00	; 0
    7ed0:	c8 16       	cp	r12, r24
    7ed2:	80 e7       	ldi	r24, 0x70	; 112
    7ed4:	d8 06       	cpc	r13, r24
    7ed6:	18 f4       	brcc	.+6      	; 0x7ede <main+0xde>
    7ed8:	f6 01       	movw	r30, r12
    7eda:	b7 be       	out	0x37, r11	; 55
    7edc:	e8 95       	spm
    7ede:	c0 e0       	ldi	r28, 0x00	; 0
    7ee0:	d1 e0       	ldi	r29, 0x01	; 1

      // While that is going on, read in page contents
      bufPtr = buff;
      do *bufPtr++ = getch();
    7ee2:	62 d0       	rcall	.+196    	; 0x7fa8 <getch>
    7ee4:	89 93       	st	Y+, r24
      while (--length);
    7ee6:	0c 17       	cp	r16, r28
    7ee8:	e1 f7       	brne	.-8      	; 0x7ee2 <main+0xe2>

      // If we are in NRWW section, page erase has to be delayed until now.
      // Todo: Take RAMPZ into account
      if (address >= NRWWSTART) __boot_page_erase_short((uint16_t)(void*)address);
    7eea:	f0 e0       	ldi	r31, 0x00	; 0
    7eec:	cf 16       	cp	r12, r31
    7eee:	f0 e7       	ldi	r31, 0x70	; 112
    7ef0:	df 06       	cpc	r13, r31
    7ef2:	18 f0       	brcs	.+6      	; 0x7efa <main+0xfa>
    7ef4:	f6 01       	movw	r30, r12
    7ef6:	b7 be       	out	0x37, r11	; 55
    7ef8:	e8 95       	spm

      // Read command terminator, start reply
      verifySpace();
    7efa:	68 d0       	rcall	.+208    	; 0x7fcc <verifySpace>

      // If only a partial page is to be programmed, the erase might not be complete.
      // So check that here
      boot_spm_busy_wait();
    7efc:	07 b6       	in	r0, 0x37	; 55
    7efe:	00 fc       	sbrc	r0, 0
    7f00:	fd cf       	rjmp	.-6      	; 0x7efc <main+0xfc>
    7f02:	a6 01       	movw	r20, r12
    7f04:	a0 e0       	ldi	r26, 0x00	; 0
    7f06:	b1 e0       	ldi	r27, 0x01	; 1
      bufPtr = buff;
      addrPtr = (uint16_t)(void*)address;
      ch = SPM_PAGESIZE / 2;
      do {
        uint16_t a;
        a = *bufPtr++;
    7f08:	2c 91       	ld	r18, X
    7f0a:	30 e0       	ldi	r19, 0x00	; 0
        a |= (*bufPtr++) << 8;
    7f0c:	11 96       	adiw	r26, 0x01	; 1
    7f0e:	8c 91       	ld	r24, X
    7f10:	11 97       	sbiw	r26, 0x01	; 1
    7f12:	90 e0       	ldi	r25, 0x00	; 0
    7f14:	98 2f       	mov	r25, r24
    7f16:	88 27       	eor	r24, r24
    7f18:	82 2b       	or	r24, r18
    7f1a:	93 2b       	or	r25, r19
#undef SIGNATURE_2
#define SIGNATURE_2 0x16
#endif

/* main program starts here */
int main(void) {
    7f1c:	12 96       	adiw	r26, 0x02	; 2
      ch = SPM_PAGESIZE / 2;
      do {
        uint16_t a;
        a = *bufPtr++;
        a |= (*bufPtr++) << 8;
        __boot_page_fill_short((uint16_t)(void*)addrPtr,a);
    7f1e:	fa 01       	movw	r30, r20
    7f20:	0c 01       	movw	r0, r24
    7f22:	87 be       	out	0x37, r8	; 55
    7f24:	e8 95       	spm
    7f26:	11 24       	eor	r1, r1
        addrPtr += 2;
    7f28:	4e 5f       	subi	r20, 0xFE	; 254
    7f2a:	5f 4f       	sbci	r21, 0xFF	; 255
      } while (--ch);
    7f2c:	f1 e0       	ldi	r31, 0x01	; 1
    7f2e:	a0 38       	cpi	r26, 0x80	; 128
    7f30:	bf 07       	cpc	r27, r31
    7f32:	51 f7       	brne	.-44     	; 0x7f08 <main+0x108>

      // Write from programming buffer
      __boot_page_write_short((uint16_t)(void*)address);
    7f34:	f6 01       	movw	r30, r12
    7f36:	a7 be       	out	0x37, r10	; 55
    7f38:	e8 95       	spm
      boot_spm_busy_wait();
    7f3a:	07 b6       	in	r0, 0x37	; 55
    7f3c:	00 fc       	sbrc	r0, 0
    7f3e:	fd cf       	rjmp	.-6      	; 0x7f3a <main+0x13a>

#if defined(RWWSRE)
      // Reenable read access to flash
      boot_rww_enable();
    7f40:	97 be       	out	0x37, r9	; 55
    7f42:	e8 95       	spm
    7f44:	26 c0       	rjmp	.+76     	; 0x7f92 <main+0x192>
#endif

    }
    /* Read memory block mode, length is big endian.  */
    else if(ch == STK_READ_PAGE) {
    7f46:	84 37       	cpi	r24, 0x74	; 116
    7f48:	b1 f4       	brne	.+44     	; 0x7f76 <main+0x176>
      // READ PAGE - we only read flash
      getch();			/* getlen() */
    7f4a:	2e d0       	rcall	.+92     	; 0x7fa8 <getch>
      length = getch();
    7f4c:	2d d0       	rcall	.+90     	; 0x7fa8 <getch>
    7f4e:	f8 2e       	mov	r15, r24
      getch();
    7f50:	2b d0       	rcall	.+86     	; 0x7fa8 <getch>

      verifySpace();
    7f52:	3c d0       	rcall	.+120    	; 0x7fcc <verifySpace>
    7f54:	f6 01       	movw	r30, r12
    7f56:	ef 2c       	mov	r14, r15
        putch(result);
        address++;
      }
      while (--length);
#else
      do putch(pgm_read_byte_near(address++));
    7f58:	8f 01       	movw	r16, r30
    7f5a:	0f 5f       	subi	r16, 0xFF	; 255
    7f5c:	1f 4f       	sbci	r17, 0xFF	; 255
    7f5e:	84 91       	lpm	r24, Z+
    7f60:	1b d0       	rcall	.+54     	; 0x7f98 <putch>
      while (--length);
    7f62:	ea 94       	dec	r14
    7f64:	f8 01       	movw	r30, r16
    7f66:	c1 f7       	brne	.-16     	; 0x7f58 <main+0x158>
#undef SIGNATURE_2
#define SIGNATURE_2 0x16
#endif

/* main program starts here */
int main(void) {
    7f68:	08 94       	sec
    7f6a:	c1 1c       	adc	r12, r1
    7f6c:	d1 1c       	adc	r13, r1
    7f6e:	fa 94       	dec	r15
    7f70:	cf 0c       	add	r12, r15
    7f72:	d1 1c       	adc	r13, r1
    7f74:	0e c0       	rjmp	.+28     	; 0x7f92 <main+0x192>
#endif
#endif
    }

    /* Get device signature bytes  */
    else if(ch == STK_READ_SIGN) {
    7f76:	85 37       	cpi	r24, 0x75	; 117
    7f78:	39 f4       	brne	.+14     	; 0x7f88 <main+0x188>
      // READ SIGN - return what Avrdude wants to hear
      verifySpace();
    7f7a:	28 d0       	rcall	.+80     	; 0x7fcc <verifySpace>
      putch(SIGNATURE_0);
    7f7c:	8e e1       	ldi	r24, 0x1E	; 30
    7f7e:	0c d0       	rcall	.+24     	; 0x7f98 <putch>
      putch(SIGNATURE_1);
    7f80:	85 e9       	ldi	r24, 0x95	; 149
    7f82:	0a d0       	rcall	.+20     	; 0x7f98 <putch>
      putch(SIGNATURE_2);
    7f84:	86 e1       	ldi	r24, 0x16	; 22
    7f86:	7a cf       	rjmp	.-268    	; 0x7e7c <main+0x7c>
    }
    else if (ch == 'Q') {
    7f88:	81 35       	cpi	r24, 0x51	; 81
    7f8a:	11 f4       	brne	.+4      	; 0x7f90 <main+0x190>
      // Adaboot no-wait mod
      watchdogConfig(WATCHDOG_16MS);
    7f8c:	88 e0       	ldi	r24, 0x08	; 8
    7f8e:	18 d0       	rcall	.+48     	; 0x7fc0 <watchdogConfig>
      verifySpace();
    }
    else {
      // This covers the response to commands like STK_ENTER_PROGMODE
      verifySpace();
    7f90:	1d d0       	rcall	.+58     	; 0x7fcc <verifySpace>
    }
    putch(STK_OK);
    7f92:	80 e1       	ldi	r24, 0x10	; 16
    7f94:	01 d0       	rcall	.+2      	; 0x7f98 <putch>
    7f96:	65 cf       	rjmp	.-310    	; 0x7e62 <main+0x62>

00007f98 <putch>:
  }
}

void putch(char ch) {
    7f98:	98 2f       	mov	r25, r24
#ifndef SOFT_UART
  while (!(UCSR0A & _BV(UDRE0)));
    7f9a:	80 91 c0 00 	lds	r24, 0x00C0
    7f9e:	85 ff       	sbrs	r24, 5
    7fa0:	fc cf       	rjmp	.-8      	; 0x7f9a <putch+0x2>
  UDR0 = ch;
    7fa2:	90 93 c6 00 	sts	0x00C6, r25
      [uartBit] "I" (UART_TX_BIT)
    :
      "r25"
  );
#endif
}
    7fa6:	08 95       	ret

00007fa8 <getch>:
      [uartBit] "I" (UART_RX_BIT)
    :
      "r25"
);
#else
  while(!(UCSR0A & _BV(RXC0)))
    7fa8:	80 91 c0 00 	lds	r24, 0x00C0
    7fac:	87 ff       	sbrs	r24, 7
    7fae:	fc cf       	rjmp	.-8      	; 0x7fa8 <getch>
    ;
  if (!(UCSR0A & _BV(FE0))) {
    7fb0:	80 91 c0 00 	lds	r24, 0x00C0
    7fb4:	84 fd       	sbrc	r24, 4
    7fb6:	01 c0       	rjmp	.+2      	; 0x7fba <getch+0x12>
}
#endif

// Watchdog functions. These are only safe with interrupts turned off.
void watchdogReset() {
  __asm__ __volatile__ (
    7fb8:	a8 95       	wdr
       * don't care that an invalid char is returned...)
       */
    watchdogReset();
  }
  
  ch = UDR0;
    7fba:	80 91 c6 00 	lds	r24, 0x00C6
  LED_PIN |= _BV(LED);
#endif
#endif

  return ch;
}
    7fbe:	08 95       	ret

00007fc0 <watchdogConfig>:
    "wdr\n"
  );
}

void watchdogConfig(uint8_t x) {
  WDTCSR = _BV(WDCE) | _BV(WDE);
    7fc0:	e0 e6       	ldi	r30, 0x60	; 96
    7fc2:	f0 e0       	ldi	r31, 0x00	; 0
    7fc4:	98 e1       	ldi	r25, 0x18	; 24
    7fc6:	90 83       	st	Z, r25
  WDTCSR = x;
    7fc8:	80 83       	st	Z, r24
}
    7fca:	08 95       	ret

00007fcc <verifySpace>:
  do getch(); while (--count);
  verifySpace();
}

void verifySpace() {
  if (getch() != CRC_EOP) {
    7fcc:	ed df       	rcall	.-38     	; 0x7fa8 <getch>
    7fce:	80 32       	cpi	r24, 0x20	; 32
    7fd0:	19 f0       	breq	.+6      	; 0x7fd8 <verifySpace+0xc>
    watchdogConfig(WATCHDOG_16MS);    // shorten WD timeout
    7fd2:	88 e0       	ldi	r24, 0x08	; 8
    7fd4:	f5 df       	rcall	.-22     	; 0x7fc0 <watchdogConfig>
    7fd6:	ff cf       	rjmp	.-2      	; 0x7fd6 <verifySpace+0xa>
    while (1)			      // and busy-loop so that WD causes
      ;				      //  a reset and app start.
  }
  putch(STK_INSYNC);
    7fd8:	84 e1       	ldi	r24, 0x14	; 20
}
    7fda:	de cf       	rjmp	.-68     	; 0x7f98 <putch>

00007fdc <getNch>:
    ::[count] "M" (UART_B_VALUE)
  );
}
#endif

void getNch(uint8_t count) {
    7fdc:	1f 93       	push	r17
    7fde:	18 2f       	mov	r17, r24
  do getch(); while (--count);
    7fe0:	e3 df       	rcall	.-58     	; 0x7fa8 <getch>
    7fe2:	11 50       	subi	r17, 0x01	; 1
    7fe4:	e9 f7       	brne	.-6      	; 0x7fe0 <getNch+0x4>
  verifySpace();
    7fe6:	f2 df       	rcall	.-28     	; 0x7fcc <verifySpace>
}
    7fe8:	1f 91       	pop	r17
    7fea:	08 95       	ret

00007fec <appStart>:
  WDTCSR = _BV(WDCE) | _BV(WDE);
  WDTCSR = x;
}

void appStart() {
  watchdogConfig(WATCHDOG_OFF);
    7fec:	80 e0       	ldi	r24, 0x00	; 0
    7fee:	e8 df       	rcall	.-48     	; 0x7fc0 <watchdogConfig>
  __asm__ __volatile__ (
    7ff0:	ee 27       	eor	r30, r30
    7ff2:	ff 27       	eor	r31, r31
    7ff4:	09 94       	ijmp
